2023-11-05 04:20:35,224 ERROR c.h.p.l.p.LedService [main] Error unmarshaling return header; nested exception is: 
	java.net.SocketException: Connection reset
java.rmi.UnmarshalException: Error unmarshaling return header; nested exception is: 
	java.net.SocketException: Connection reset
	at sun.rmi.transport.StreamRemoteCall.executeCall(StreamRemoteCall.java:255) ~[?:?]
	at sun.rmi.server.UnicastRef.invoke(UnicastRef.java:165) ~[?:?]
	at java.rmi.server.RemoteObjectInvocationHandler.invokeRemoteMethod(RemoteObjectInvocationHandler.java:215) ~[?:?]
	at java.rmi.server.RemoteObjectInvocationHandler.invoke(RemoteObjectInvocationHandler.java:160) ~[?:?]
	at jdk.proxy2.$Proxy17.turnLedOff(Unknown Source) ~[?:?]
	at ch.hslu.prg.leds.proxy.LedService.turnLedOff(LedService.java:187) ~[proxy.jar:?]
	at ClientApp.ledsOnOff(ClientApp.java:28) ~[leds-project/:?]
	at ClientApp.main(ClientApp.java:6) ~[leds-project/:?]
Caused by: java.net.SocketException: Connection reset
	at sun.nio.ch.NioSocketImpl.implRead(NioSocketImpl.java:328) ~[?:?]
	at sun.nio.ch.NioSocketImpl.read(NioSocketImpl.java:355) ~[?:?]
	at sun.nio.ch.NioSocketImpl$1.read(NioSocketImpl.java:808) ~[?:?]
	at java.net.Socket$SocketInputStream.read(Socket.java:966) ~[?:?]
	at java.io.BufferedInputStream.fill(BufferedInputStream.java:244) ~[?:?]
	at java.io.BufferedInputStream.read(BufferedInputStream.java:263) ~[?:?]
	at java.io.DataInputStream.readByte(DataInputStream.java:271) ~[?:?]
	at sun.rmi.transport.StreamRemoteCall.executeCall(StreamRemoteCall.java:241) ~[?:?]
	... 7 more
2023-11-05 04:20:37,288 ERROR c.h.p.l.p.LedService [main] Connection refused to host: 192.168.0.18; nested exception is: 
	java.net.ConnectException: Connection refused: connect
java.rmi.ConnectException: Connection refused to host: 192.168.0.18; nested exception is: 
	java.net.ConnectException: Connection refused: connect
	at sun.rmi.transport.tcp.TCPEndpoint.newSocket(TCPEndpoint.java:626) ~[?:?]
	at sun.rmi.transport.tcp.TCPChannel.createConnection(TCPChannel.java:217) ~[?:?]
	at sun.rmi.transport.tcp.TCPChannel.newConnection(TCPChannel.java:204) ~[?:?]
	at sun.rmi.server.UnicastRef.invoke(UnicastRef.java:133) ~[?:?]
	at java.rmi.server.RemoteObjectInvocationHandler.invokeRemoteMethod(RemoteObjectInvocationHandler.java:215) ~[?:?]
	at java.rmi.server.RemoteObjectInvocationHandler.invoke(RemoteObjectInvocationHandler.java:160) ~[?:?]
	at jdk.proxy2.$Proxy17.turnLedOff(Unknown Source) ~[?:?]
	at ch.hslu.prg.leds.proxy.LedService.turnLedOff(LedService.java:187) ~[proxy.jar:?]
	at ClientApp.ledsOnOff(ClientApp.java:28) ~[leds-project/:?]
	at ClientApp.main(ClientApp.java:6) ~[leds-project/:?]
Caused by: java.net.ConnectException: Connection refused: connect
	at sun.nio.ch.Net.connect0(Native Method) ~[?:?]
	at sun.nio.ch.Net.connect(Net.java:579) ~[?:?]
	at sun.nio.ch.Net.connect(Net.java:568) ~[?:?]
	at sun.nio.ch.NioSocketImpl.connect(NioSocketImpl.java:593) ~[?:?]
	at java.net.SocksSocketImpl.connect(SocksSocketImpl.java:327) ~[?:?]
	at java.net.Socket.connect(Socket.java:633) ~[?:?]
	at java.net.Socket.connect(Socket.java:583) ~[?:?]
	at java.net.Socket.<init>(Socket.java:507) ~[?:?]
	at java.net.Socket.<init>(Socket.java:287) ~[?:?]
	at sun.rmi.transport.tcp.TCPDirectSocketFactory.createSocket(TCPDirectSocketFactory.java:40) ~[?:?]
	at sun.rmi.transport.tcp.TCPEndpoint.newSocket(TCPEndpoint.java:620) ~[?:?]
	... 9 more
